Using pre-set license
Built from '2020.3/release' branch; Version is '2020.3.15f2 (6cf78cb77498) revision 7141260'; Using compiler version '192528614'; Build Type 'Release'
OS: 'Windows 10 Home Single Language; OS build 22000.376; Version 2009; 64bit' Language: 'tr' Physical Memory: 16221 MB
BatchMode: 1, IsHumanControllingUs: 0, StartBugReporterOnCrash: 0, Is64bit: 1, IsPro: 0

 COMMAND LINE ARGUMENTS:
C:\Program Files\Unity\Hub\Editor\2020.3.15f2\Editor\Unity.exe
-adb2
-batchMode
-noUpm
-name
AssetImportWorker0
-projectPath
D:/Unity-Projects/Monster Hunter 3D
-logFile
Logs/AssetImportWorker0.log
-srvPort
57410
Successfully changed project path to: D:/Unity-Projects/Monster Hunter 3D
D:/Unity-Projects/Monster Hunter 3D
Using Asset Import Pipeline V2.
Refreshing native plugins compatible for Editor in 37.77 ms, found 5 plugins.
Preloading 0 native plugins for Editor in 0.00 ms.
Initialize engine version: 2020.3.15f2 (6cf78cb77498)
[Subsystems] Discovering subsystems at path C:/Program Files/Unity/Hub/Editor/2020.3.15f2/Editor/Data/Resources/UnitySubsystems
[Subsystems] Discovering subsystems at path D:/Unity-Projects/Monster Hunter 3D/Assets
GfxDevice: creating device client; threaded=0
Direct3D:
    Version:  Direct3D 11.0 [level 11.1]
    Renderer: NVIDIA GeForce GTX 1650 (ID=0x1f99)
    Vendor:   
    VRAM:     3962 MB
    Driver:   27.21.14.6242
Initialize mono
Mono path[0] = 'C:/Program Files/Unity/Hub/Editor/2020.3.15f2/Editor/Data/Managed'
Mono path[1] = 'C:/Program Files/Unity/Hub/Editor/2020.3.15f2/Editor/Data/MonoBleedingEdge/lib/mono/unityjit'
Mono config path = 'C:/Program Files/Unity/Hub/Editor/2020.3.15f2/Editor/Data/MonoBleedingEdge/etc'
Using monoOptions --debugger-agent=transport=dt_socket,embedding=1,server=y,suspend=n,address=127.0.0.1:56644
Begin MonoManager ReloadAssembly
Registering precompiled unity dll's ...
Register platform support module: C:/Program Files/Unity/Hub/Editor/2020.3.15f2/Editor/Data/PlaybackEngines/WindowsStandaloneSupport/UnityEditor.WindowsStandalone.Extensions.dll
Registered in 0.000965 seconds.
Native extension for WindowsStandalone target not found
Refreshing native plugins compatible for Editor in 40.92 ms, found 5 plugins.
Preloading 0 native plugins for Editor in 0.00 ms.
Mono: successfully reloaded assembly
- Completed reload, in  1.504 seconds
Domain Reload Profiling:
	ReloadAssembly (1504ms)
		BeginReloadAssembly (46ms)
			ExecutionOrderSort (0ms)
			DisableScriptedObjects (0ms)
			BackupInstance (0ms)
			ReleaseScriptingObjects (0ms)
			CreateAndSetChildDomain (1ms)
		EndReloadAssembly (407ms)
			LoadAssemblies (44ms)
			RebuildTransferFunctionScriptingTraits (0ms)
			SetupTypeCache (145ms)
			ReleaseScriptCaches (0ms)
			RebuildScriptCaches (36ms)
			SetupLoadedEditorAssemblies (158ms)
				LogAssemblyErrors (0ms)
				InitializePlatformSupportModulesInManaged (3ms)
				SetLoadedEditorAssemblies (0ms)
				RefreshPlugins (41ms)
				BeforeProcessingInitializeOnLoad (14ms)
				ProcessInitializeOnLoadAttributes (72ms)
				ProcessInitializeOnLoadMethodAttributes (28ms)
				AfterProcessingInitializeOnLoad (0ms)
				EditorAssembliesLoaded (0ms)
			ExecutionOrderSort2 (0ms)
			AwakeInstancesAfterBackupRestoration (0ms)
Platform modules already initialized, skipping
Registering precompiled user dll's ...
Registered in 0.002348 seconds.
Begin MonoManager ReloadAssembly
Native extension for WindowsStandalone target not found
Refreshing native plugins compatible for Editor in 0.42 ms, found 5 plugins.
Preloading 0 native plugins for Editor in 0.00 ms.
Mono: successfully reloaded assembly
- Completed reload, in  1.042 seconds
Domain Reload Profiling:
	ReloadAssembly (1043ms)
		BeginReloadAssembly (131ms)
			ExecutionOrderSort (0ms)
			DisableScriptedObjects (4ms)
			BackupInstance (0ms)
			ReleaseScriptingObjects (0ms)
			CreateAndSetChildDomain (18ms)
		EndReloadAssembly (856ms)
			LoadAssemblies (75ms)
			RebuildTransferFunctionScriptingTraits (0ms)
			SetupTypeCache (268ms)
			ReleaseScriptCaches (1ms)
			RebuildScriptCaches (47ms)
			SetupLoadedEditorAssemblies (373ms)
				LogAssemblyErrors (0ms)
				InitializePlatformSupportModulesInManaged (4ms)
				SetLoadedEditorAssemblies (0ms)
				RefreshPlugins (0ms)
				BeforeProcessingInitializeOnLoad (83ms)
				ProcessInitializeOnLoadAttributes (277ms)
				ProcessInitializeOnLoadMethodAttributes (4ms)
				AfterProcessingInitializeOnLoad (4ms)
				EditorAssembliesLoaded (0ms)
			ExecutionOrderSort2 (0ms)
			AwakeInstancesAfterBackupRestoration (6ms)
Platform modules already initialized, skipping
========================================================================
Worker process is ready to serve import requests
Launched and connected shader compiler UnityShaderCompiler.exe after 0.06 seconds
Refreshing native plugins compatible for Editor in 0.75 ms, found 5 plugins.
Preloading 0 native plugins for Editor in 0.00 ms.
Unloading 1687 Unused Serialized files (Serialized files now loaded: 0)
System memory in use before: 82.0 MB.
System memory in use after: 82.1 MB.

Unloading 28 unused Assets to reduce memory usage. Loaded Objects now: 2128.
Total: 1.872100 ms (FindLiveObjects: 0.148800 ms CreateObjectMapping: 0.053500 ms MarkObjects: 1.593200 ms  DeleteObjects: 0.075900 ms)

AssetImportParameters requested are different than current active one (requested -> active):
  custom:framework-win-MediaFoundation: 216162199b28c13a410421893ffa2e32 -> 
  custom:video-decoder-ogg-theora: a1e56fd34408186e4bbccfd4996cb3dc -> 
  custom:container-muxer-webm: aa71ff27fc2769a1b78a27578f13a17b -> 
  custom:container-demuxer-webm: 4f35f7cbe854078d1ac9338744f61a02 -> 
  custom:container-demuxer-ogg: 62fdf1f143b41e24485cea50d1cbac27 -> 
  custom:video-encoder-webm-vp8: eb34c28f22e8b96e1ab97ce403110664 -> 
  custom:video-decoder-webm-vp8: 9c59270c3fd7afecdb556c50c9e8de78 -> 
  custom:audio-decoder-ogg-vorbis: bf7c407c2cedff20999df2af8eb42d56 -> 
  custom:audio-encoder-webm-vorbis: bf7c407c2cedff20999df2af8eb42d56 -> 
========================================================================
Received Import Request.
  path: Assets/Images/Battle Scene Avatar
  artifactKey: Guid(41219e949a7649646ac812949b474918) Importer(815301076,1909f56bfc062723c751e8b465ee728b)
Start importing Assets/Images/Battle Scene Avatar using Guid(41219e949a7649646ac812949b474918) Importer(815301076,1909f56bfc062723c751e8b465ee728b)  -> (artifact id: '44f81b3320ef2d6be6bcddb4d0f44af2') in 0.010357 seconds 
  Import took 0.050233 seconds .

========================================================================
Received Import Request.
  Time since last request: 0.000216 seconds.
  path: Assets/Images/1-removebg-preview 1.png
  artifactKey: Guid(7b00c1eacfdaaaa4e8b6e278f8dde1e5) Importer(815301076,1909f56bfc062723c751e8b465ee728b)
Start importing Assets/Images/1-removebg-preview 1.png using Guid(7b00c1eacfdaaaa4e8b6e278f8dde1e5) Importer(815301076,1909f56bfc062723c751e8b465ee728b)  -> (artifact id: 'fe8c2502b9072645e0c77f9287d4e2aa') in 0.053815 seconds 
  Import took 0.081401 seconds .

========================================================================
Received Import Request.
  Time since last request: 0.000150 seconds.
  path: Assets/Images/2-removebg-preview 1.png
  artifactKey: Guid(354023c09e367d742a14e50a6da449f8) Importer(815301076,1909f56bfc062723c751e8b465ee728b)
Start importing Assets/Images/2-removebg-preview 1.png using Guid(354023c09e367d742a14e50a6da449f8) Importer(815301076,1909f56bfc062723c751e8b465ee728b)  -> (artifact id: 'a33f973d9086351b237138986b6b139f') in 0.012523 seconds 
  Import took 0.015693 seconds .

========================================================================
Received Import Request.
  Time since last request: 3.410323 seconds.
  path: Assets/Images/3-removebg-preview 1.png
  artifactKey: Guid(1c4c34a069c15884f8b34ff51c4f8707) Importer(815301076,1909f56bfc062723c751e8b465ee728b)
Start importing Assets/Images/3-removebg-preview 1.png using Guid(1c4c34a069c15884f8b34ff51c4f8707) Importer(815301076,1909f56bfc062723c751e8b465ee728b)  -> (artifact id: '86d9ea49015fd6327d52494dfd9018bd') in 0.015027 seconds 
  Import took 0.019311 seconds .

========================================================================
Received Import Request.
  Time since last request: 1.041463 seconds.
  path: Assets/Images/4-removebg-preview.png
  artifactKey: Guid(38028565de28f494db5bc39eb0117f4a) Importer(815301076,1909f56bfc062723c751e8b465ee728b)
Start importing Assets/Images/4-removebg-preview.png using Guid(38028565de28f494db5bc39eb0117f4a) Importer(815301076,1909f56bfc062723c751e8b465ee728b)  -> (artifact id: '472084bd27186a29405f55a76b742f82') in 0.015651 seconds 
  Import took 0.018562 seconds .

========================================================================
Received Import Request.
  Time since last request: 39.702019 seconds.
  path: Assets/Images/Battle Scene Avatar/4-removebg-preview.png
  artifactKey: Guid(38028565de28f494db5bc39eb0117f4a) Importer(815301076,1909f56bfc062723c751e8b465ee728b)
Start importing Assets/Images/Battle Scene Avatar/4-removebg-preview.png using Guid(38028565de28f494db5bc39eb0117f4a) Importer(815301076,1909f56bfc062723c751e8b465ee728b)  -> (artifact id: '1b80e5b50aecdf879b0e6c49e7deb755') in 0.043543 seconds 
  Import took 0.081785 seconds .

========================================================================
Received Import Request.
  Time since last request: 3.987947 seconds.
  path: Assets/Images/Battle Scene Avatar/1-removebg-preview 1.png
  artifactKey: Guid(7b00c1eacfdaaaa4e8b6e278f8dde1e5) Importer(815301076,1909f56bfc062723c751e8b465ee728b)
Start importing Assets/Images/Battle Scene Avatar/1-removebg-preview 1.png using Guid(7b00c1eacfdaaaa4e8b6e278f8dde1e5) Importer(815301076,1909f56bfc062723c751e8b465ee728b)  -> (artifact id: '96a6b354167fca0d70d46403b41ffdfb') in 0.014271 seconds 
  Import took 0.151077 seconds .

========================================================================
Received Import Request.
  Time since last request: 0.000287 seconds.
  path: Assets/Images/Battle Scene Avatar/5-removebg-preview.png
  artifactKey: Guid(cf4a11723dc6c0e40bb836710caca6b5) Importer(815301076,1909f56bfc062723c751e8b465ee728b)
Start importing Assets/Images/Battle Scene Avatar/5-removebg-preview.png using Guid(cf4a11723dc6c0e40bb836710caca6b5) Importer(815301076,1909f56bfc062723c751e8b465ee728b)  -> (artifact id: '117eea02dcfe241b75ff79170189a09a') in 0.021602 seconds 
  Import took 0.104678 seconds .

========================================================================
Received Import Request.
  Time since last request: 0.000126 seconds.
  path: Assets/Images/Battle Scene Avatar/6-removebg-preview.png
  artifactKey: Guid(70c29f529fe85c6459aa5b75ea8da533) Importer(815301076,1909f56bfc062723c751e8b465ee728b)
Start importing Assets/Images/Battle Scene Avatar/6-removebg-preview.png using Guid(70c29f529fe85c6459aa5b75ea8da533) Importer(815301076,1909f56bfc062723c751e8b465ee728b)  -> (artifact id: 'c55d31c7fcc0f3cfa1b9127db006abb2') in 0.014845 seconds 
  Import took 0.046383 seconds .

========================================================================
Received Import Request.
  Time since last request: 0.000150 seconds.
  path: Assets/Images/Battle Scene Avatar/2-removebg-preview 1.png
  artifactKey: Guid(354023c09e367d742a14e50a6da449f8) Importer(815301076,1909f56bfc062723c751e8b465ee728b)
Start importing Assets/Images/Battle Scene Avatar/2-removebg-preview 1.png using Guid(354023c09e367d742a14e50a6da449f8) Importer(815301076,1909f56bfc062723c751e8b465ee728b)  -> (artifact id: '1673a8d616fcdc7c1508c308803103db') in 0.014986 seconds 
  Import took 0.085499 seconds .

========================================================================
Received Import Request.
  Time since last request: 0.000344 seconds.
  path: Assets/Images/Battle Scene Avatar/3-removebg-preview 1.png
  artifactKey: Guid(1c4c34a069c15884f8b34ff51c4f8707) Importer(815301076,1909f56bfc062723c751e8b465ee728b)
Start importing Assets/Images/Battle Scene Avatar/3-removebg-preview 1.png using Guid(1c4c34a069c15884f8b34ff51c4f8707) Importer(815301076,1909f56bfc062723c751e8b465ee728b)  -> (artifact id: '9477fb05fe59d2a7c9569b2da08c453e') in 0.016683 seconds 
  Import took 0.019537 seconds .

AssetImportWorkerClient::OnTransportError - code=2 error=End of file
